<?xml version="1.0" encoding="UTF-8"?>
<testng-results ignored="2" total="8" passed="5" failed="1" skipped="0">
  <reporter-output>
  </reporter-output>
  <suite started-at="2021-01-05T11:20:05 EET" name="Suite" finished-at="2021-01-05T11:23:05 EET" duration-ms="179292">
    <groups>
    </groups>
    <test started-at="2021-01-05T11:20:05 EET" name="Test" finished-at="2021-01-05T11:23:05 EET" duration-ms="179292">
      <class name="yourLogo.TestCases.VerifySearchProductTest">
        <test-method is-config="true" signature="setUp()[pri:0, instance:yourLogo.TestCases.VerifySearchProductTest@732c2a62]" started-at="2021-01-05T11:22:06 EET" name="setUp" finished-at="2021-01-05T11:22:18 EET" duration-ms="11822" status="PASS">
          <reporter-output>
          </reporter-output>
        </test-method> <!-- setUp -->
        <test-method signature="verifySearchProductByName()[pri:0, instance:yourLogo.TestCases.VerifySearchProductTest@732c2a62]" started-at="2021-01-05T11:22:18 EET" name="verifySearchProductByName" finished-at="2021-01-05T11:22:22 EET" duration-ms="4233" status="PASS">
          <reporter-output>
          </reporter-output>
        </test-method> <!-- verifySearchProductByName -->
        <test-method is-config="true" signature="tearDown()[pri:0, instance:yourLogo.TestCases.VerifySearchProductTest@732c2a62]" started-at="2021-01-05T11:22:22 EET" name="tearDown" finished-at="2021-01-05T11:22:22 EET" duration-ms="201" status="PASS">
          <reporter-output>
          </reporter-output>
        </test-method> <!-- tearDown -->
      </class> <!-- yourLogo.TestCases.VerifySearchProductTest -->
      <class name="yourLogo.TestCases.verifyTotalPriceTest">
        <test-method is-config="true" signature="setUp()[pri:0, instance:yourLogo.TestCases.verifyTotalPriceTest@272ed83b]" started-at="2021-01-05T11:22:22 EET" name="setUp" finished-at="2021-01-05T11:22:38 EET" duration-ms="15945" status="PASS">
          <reporter-output>
          </reporter-output>
        </test-method> <!-- setUp -->
        <test-method signature="verifyTotalPrice(java.lang.String, java.lang.String, java.lang.String, java.lang.String)[pri:0, instance:yourLogo.TestCases.verifyTotalPriceTest@272ed83b]" started-at="2021-01-05T11:22:38 EET" name="verifyTotalPrice" data-provider="UpdateProductData" finished-at="2021-01-05T11:23:04 EET" duration-ms="26187" status="PASS">
          <params>
            <param index="0">
              <value>
                <![CDATA[1.0]]>
              </value>
            </param>
            <param index="1">
              <value>
                <![CDATA[M]]>
              </value>
            </param>
            <param index="2">
              <value>
                <![CDATA[Blue]]>
              </value>
            </param>
            <param index="3">
              <value>
                <![CDATA[2.0]]>
              </value>
            </param>
          </params>
          <reporter-output>
          </reporter-output>
        </test-method> <!-- verifyTotalPrice -->
        <test-method is-config="true" signature="tearDown()[pri:0, instance:yourLogo.TestCases.verifyTotalPriceTest@272ed83b]" started-at="2021-01-05T11:23:04 EET" name="tearDown" finished-at="2021-01-05T11:23:05 EET" duration-ms="365" status="PASS">
          <reporter-output>
          </reporter-output>
        </test-method> <!-- tearDown -->
      </class> <!-- yourLogo.TestCases.verifyTotalPriceTest -->
      <class name="yourLogo.TestCases.userWishListTest">
        <test-method is-config="true" signature="setUp()[pri:0, instance:yourLogo.TestCases.userWishListTest@a3d8174]" started-at="2021-01-05T11:21:04 EET" name="setUp" finished-at="2021-01-05T11:21:16 EET" duration-ms="11123" status="PASS">
          <reporter-output>
          </reporter-output>
        </test-method> <!-- setUp -->
        <test-method signature="verifyWishList()[pri:0, instance:yourLogo.TestCases.userWishListTest@a3d8174]" started-at="2021-01-05T11:21:16 EET" name="verifyWishList" finished-at="2021-01-05T11:21:20 EET" duration-ms="3946" status="PASS">
          <reporter-output>
          </reporter-output>
        </test-method> <!-- verifyWishList -->
        <test-method is-config="true" signature="tearDown()[pri:0, instance:yourLogo.TestCases.userWishListTest@a3d8174]" started-at="2021-01-05T11:21:20 EET" name="tearDown" finished-at="2021-01-05T11:21:20 EET" duration-ms="245" status="PASS">
          <reporter-output>
          </reporter-output>
        </test-method> <!-- tearDown -->
      </class> <!-- yourLogo.TestCases.userWishListTest -->
      <class name="yourLogo.TestCases.userLoginTest">
        <test-method is-config="true" signature="setUp()[pri:0, instance:yourLogo.TestCases.userLoginTest@4944252c]" started-at="2021-01-05T11:20:06 EET" name="setUp" finished-at="2021-01-05T11:20:26 EET" duration-ms="20004" status="PASS">
          <reporter-output>
          </reporter-output>
        </test-method> <!-- setUp -->
        <test-method signature="LoginTest()[pri:0, instance:yourLogo.TestCases.userLoginTest@4944252c]" started-at="2021-01-05T11:20:26 EET" name="LoginTest" finished-at="2021-01-05T11:20:35 EET" duration-ms="9102" status="PASS">
          <reporter-output>
          </reporter-output>
        </test-method> <!-- LoginTest -->
        <test-method is-config="true" signature="tearDown()[pri:0, instance:yourLogo.TestCases.userLoginTest@4944252c]" started-at="2021-01-05T11:20:35 EET" name="tearDown" finished-at="2021-01-05T11:20:36 EET" duration-ms="299" status="PASS">
          <reporter-output>
          </reporter-output>
        </test-method> <!-- tearDown -->
      </class> <!-- yourLogo.TestCases.userLoginTest -->
      <class name="yourLogo.TestCases.BuyProductTest">
        <test-method is-config="true" signature="setUp()[pri:0, instance:yourLogo.TestCases.BuyProductTest@1ba9117e]" started-at="2021-01-05T11:21:20 EET" name="setUp" finished-at="2021-01-05T11:21:34 EET" duration-ms="14417" status="PASS">
          <reporter-output>
          </reporter-output>
        </test-method> <!-- setUp -->
        <test-method signature="verifyBuyProduct(java.lang.String, java.lang.String, java.lang.String)[pri:0, instance:yourLogo.TestCases.BuyProductTest@1ba9117e]" started-at="2021-01-05T11:21:34 EET" name="verifyBuyProduct" data-provider="GetProductData" finished-at="2021-01-05T11:22:05 EET" duration-ms="31079" status="PASS">
          <params>
            <param index="0">
              <value>
                <![CDATA[1.0]]>
              </value>
            </param>
            <param index="1">
              <value>
                <![CDATA[M]]>
              </value>
            </param>
            <param index="2">
              <value>
                <![CDATA[Blue]]>
              </value>
            </param>
          </params>
          <reporter-output>
          </reporter-output>
        </test-method> <!-- verifyBuyProduct -->
        <test-method is-config="true" signature="tearDown()[pri:0, instance:yourLogo.TestCases.BuyProductTest@1ba9117e]" started-at="2021-01-05T11:22:05 EET" name="tearDown" finished-at="2021-01-05T11:22:06 EET" duration-ms="245" status="PASS">
          <reporter-output>
          </reporter-output>
        </test-method> <!-- tearDown -->
      </class> <!-- yourLogo.TestCases.BuyProductTest -->
      <class name="yourLogo.TestCases.userRegistrationTest">
        <test-method is-config="true" signature="setUp()[pri:0, instance:yourLogo.TestCases.userRegistrationTest@44821a96]" started-at="2021-01-05T11:20:37 EET" name="setUp" finished-at="2021-01-05T11:20:52 EET" duration-ms="14785" status="PASS">
          <reporter-output>
          </reporter-output>
        </test-method> <!-- setUp -->
        <test-method signature="UserRegistration(java.lang.String, java.lang.String, java.lang.String, java.lang.String, java.lang.String, java.lang.String, java.lang.String, java.lang.String, java.lang.String, java.lang.String)[pri:200, instance:yourLogo.TestCases.userRegistrationTest@44821a96]" started-at="2021-01-05T11:20:52 EET" name="UserRegistration" data-provider="GetRegistrationData" finished-at="2021-01-05T11:21:04 EET" duration-ms="11940" status="FAIL">
          <params>
            <param index="0">
              <value>
                <![CDATA[Sara]]>
              </value>
            </param>
            <param index="1">
              <value>
                <![CDATA[San]]>
              </value>
            </param>
            <param index="2">
              <value>
                <![CDATA[13-3-1993]]>
              </value>
            </param>
            <param index="3">
              <value>
                <![CDATA[street 1]]>
              </value>
            </param>
            <param index="4">
              <value>
                <![CDATA[Austin]]>
              </value>
            </param>
            <param index="5">
              <value>
                <![CDATA[Texas]]>
              </value>
            </param>
            <param index="6">
              <value>
                <![CDATA[77001]]>
              </value>
            </param>
            <param index="7">
              <value>
                <![CDATA[United States]]>
              </value>
            </param>
            <param index="8">
              <value>
                <![CDATA[1234567899]]>
              </value>
            </param>
            <param index="9">
              <value>
                <![CDATA[ch street]]>
              </value>
            </param>
          </params>
          <exception class="java.lang.AssertionError">
            <message>
              <![CDATA[expected [My account - My Store] but found [Login - My Store]]]>
            </message>
            <full-stacktrace>
              <![CDATA[java.lang.AssertionError: expected [My account - My Store] but found [Login - My Store]
at org.testng.Assert.fail(Assert.java:99)
at org.testng.Assert.failNotEquals(Assert.java:1037)
at org.testng.Assert.assertEqualsImpl(Assert.java:140)
at org.testng.Assert.assertEquals(Assert.java:122)
at org.testng.Assert.assertEquals(Assert.java:629)
at org.testng.Assert.assertEquals(Assert.java:639)
at yourLogo.TestCases.userRegistrationTest.UserRegistration(userRegistrationTest.java:42)
at java.base/jdk.internal.reflect.NativeMethodAccessorImpl.invoke0(Native Method)
at java.base/jdk.internal.reflect.NativeMethodAccessorImpl.invoke(NativeMethodAccessorImpl.java:62)
at java.base/jdk.internal.reflect.DelegatingMethodAccessorImpl.invoke(DelegatingMethodAccessorImpl.java:43)
at java.base/java.lang.reflect.Method.invoke(Method.java:564)
at org.testng.internal.MethodInvocationHelper.invokeMethod(MethodInvocationHelper.java:132)
at org.testng.internal.TestInvoker.invokeMethod(TestInvoker.java:599)
at org.testng.internal.TestInvoker.invokeTestMethod(TestInvoker.java:174)
at org.testng.internal.MethodRunner.runInSequence(MethodRunner.java:46)
at org.testng.internal.TestInvoker$MethodInvocationAgent.invoke(TestInvoker.java:822)
at org.testng.internal.TestInvoker.invokeTestMethods(TestInvoker.java:147)
at org.testng.internal.TestMethodWorker.invokeTestMethods(TestMethodWorker.java:146)
at org.testng.internal.TestMethodWorker.run(TestMethodWorker.java:128)
at java.base/java.util.ArrayList.forEach(ArrayList.java:1511)
at org.testng.TestRunner.privateRun(TestRunner.java:764)
at org.testng.TestRunner.run(TestRunner.java:585)
at org.testng.SuiteRunner.runTest(SuiteRunner.java:384)
at org.testng.SuiteRunner.runSequentially(SuiteRunner.java:378)
at org.testng.SuiteRunner.privateRun(SuiteRunner.java:337)
at org.testng.SuiteRunner.run(SuiteRunner.java:286)
at org.testng.SuiteRunnerWorker.runSuite(SuiteRunnerWorker.java:53)
at org.testng.SuiteRunnerWorker.run(SuiteRunnerWorker.java:96)
at org.testng.TestNG.runSuitesSequentially(TestNG.java:1218)
at org.testng.TestNG.runSuitesLocally(TestNG.java:1140)
at org.testng.TestNG.runSuites(TestNG.java:1069)
at org.testng.TestNG.run(TestNG.java:1037)
at org.testng.remote.AbstractRemoteTestNG.run(AbstractRemoteTestNG.java:115)
at org.testng.remote.RemoteTestNG.initAndRun(RemoteTestNG.java:251)
at org.testng.remote.RemoteTestNG.main(RemoteTestNG.java:77)
]]>
            </full-stacktrace>
          </exception> <!-- java.lang.AssertionError -->
          <reporter-output>
          </reporter-output>
        </test-method> <!-- UserRegistration -->
        <test-method is-config="true" signature="tearDown()[pri:0, instance:yourLogo.TestCases.userRegistrationTest@44821a96]" started-at="2021-01-05T11:21:04 EET" name="tearDown" finished-at="2021-01-05T11:21:04 EET" duration-ms="155" status="PASS">
          <reporter-output>
          </reporter-output>
        </test-method> <!-- tearDown -->
      </class> <!-- yourLogo.TestCases.userRegistrationTest -->
    </test> <!-- Test -->
  </suite> <!-- Suite -->
</testng-results>
